<?xml version="1.0" encoding="UTF-8"?>
<!-- Generated by org.testng.reporters.JUnitReportReporter -->
<testsuite hostname="DESKTOP-73VT5SL" failures="0" tests="4" name="tests.Tests" time="6.350" errors="0" timestamp="01 Mar 2023 12:43:41 GMT" skipped="3">
  <testcase classname="tests.Tests" name="newtab" time="6.350"/>
  <testcase classname="tests.Tests" name="search_name">
    <skipped/>
  </testcase> <!-- search_name -->
  <testcase classname="tests.Tests" name="get_table">
    <skipped/>
  </testcase> <!-- get_table -->
  <testcase classname="tests.Tests" name="search_company">
    <skipped/>
  </testcase> <!-- search_company -->
</testsuite> <!-- tests.Tests -->
