<?xml version="1.0" encoding="UTF-8"?>
<!-- Generated by org.testng.reporters.JUnitReportReporter -->
<testsuite hostname="DESKTOP-73VT5SL" failures="0" tests="16" name="tests.Tests" time="6.152" errors="0" timestamp="2023-07-12T10:47:07 IST" skipped="15">
  <testcase classname="tests.Tests" name="toggle" time="6.152"/>
  <system-out/>
  <testcase classname="tests.Tests" name="dropdown">
    <skipped/>
  </testcase> <!-- dropdown -->
  <system-out/>
  <testcase classname="tests.Tests" name="dragAndDrop">
    <skipped/>
  </testcase> <!-- dragAndDrop -->
  <system-out/>
  <testcase classname="tests.Tests" name="indeed_accountant">
    <skipped/>
  </testcase> <!-- indeed_accountant -->
  <system-out/>
  <testcase classname="tests.Tests" name="newtab">
    <skipped/>
  </testcase> <!-- newtab -->
  <system-out/>
  <testcase classname="tests.Tests" name="iframe">
    <skipped/>
  </testcase> <!-- iframe -->
  <system-out/>
  <testcase classname="tests.Tests" name="search_company">
    <skipped/>
  </testcase> <!-- search_company -->
  <system-out/>
  <testcase classname="tests.Tests" name="frame">
    <skipped/>
  </testcase> <!-- frame -->
  <system-out/>
  <testcase classname="tests.Tests" name="t3">
    <skipped/>
  </testcase> <!-- t3 -->
  <system-out/>
  <testcase classname="tests.Tests" name="popup">
    <skipped/>
  </testcase> <!-- popup -->
  <system-out/>
  <testcase classname="tests.Tests" name="spellchecker">
    <skipped/>
  </testcase> <!-- spellchecker -->
  <system-out/>
  <testcase classname="tests.Tests" name="t2">
    <skipped/>
  </testcase> <!-- t2 -->
  <system-out/>
  <testcase classname="tests.Tests" name="t1">
    <skipped/>
  </testcase> <!-- t1 -->
  <system-out/>
  <testcase classname="tests.Tests" name="get_table">
    <skipped/>
  </testcase> <!-- get_table -->
  <system-out/>
  <testcase classname="tests.Tests" name="search_name">
    <skipped/>
  </testcase> <!-- search_name -->
  <system-out/>
  <testcase classname="tests.Tests" name="excel">
    <skipped/>
  </testcase> <!-- excel -->
  <system-out/>
</testsuite> <!-- tests.Tests -->
