<?xml version="1.0" encoding="UTF-8"?>
<!-- Generated by org.testng.reporters.JUnitReportReporter -->
<testsuite hostname="DESKTOP-73VT5SL" failures="0" tests="6" name="tests.Tests" time="4.789" errors="0" timestamp="2023-03-02T14:42:42 IST" skipped="5">
  <testcase classname="tests.Tests" name="newtab" time="4.789"/>
  <system-out/>
  <testcase classname="tests.Tests" name="popup">
    <skipped/>
  </testcase> <!-- popup -->
  <system-out/>
  <testcase classname="tests.Tests" name="get_table">
    <skipped/>
  </testcase> <!-- get_table -->
  <system-out/>
  <testcase classname="tests.Tests" name="search_name">
    <skipped/>
  </testcase> <!-- search_name -->
  <system-out/>
  <testcase classname="tests.Tests" name="iframe">
    <skipped/>
  </testcase> <!-- iframe -->
  <system-out/>
  <testcase classname="tests.Tests" name="search_company">
    <skipped/>
  </testcase> <!-- search_company -->
  <system-out/>
</testsuite> <!-- tests.Tests -->
