<?xml version="1.0" encoding="UTF-8"?>
<!-- Generated by org.testng.reporters.JUnitReportReporter -->
<testsuite hostname="DESKTOP-73VT5SL" failures="0" tests="1" name="tests.Tests" time="66.376" errors="0" timestamp="2023-04-12T10:56:15 IST" skipped="0">
  <testcase classname="tests.Tests" name="indeed_accountant" time="66.376"/>
  <system-out/>
</testsuite> <!-- tests.Tests -->
